16-01-2023 13:52:39.607 [main] INFO  com.demo.ELK.ElkApplication.logStarting - Starting ElkApplication using Java 17.0.5 on k8s1 with PID 84707 (/Users/tassana/Workspace/elk/Spring-ELK-main/target/classes started by tassana in /Users/tassana/Workspace/elk/Spring-ELK-main)
16-01-2023 13:52:39.609 [main] INFO  com.demo.ELK.ElkApplication.logStartupProfileInfo - No active profile set, falling back to default profiles: default
16-01-2023 13:52:41.202 [main] INFO  com.demo.ELK.ElkApplication.logStarted - Started ElkApplication in 2.26 seconds (JVM running for 3.242)
16-01-2023 13:58:38.317 [http-nio-8080-exec-1] INFO  c.demo.ELK.controller.ELKController.foodDetails - Inside Food Detail Function
16-01-2023 13:58:38.317 [http-nio-8080-exec-1] INFO  com.demo.ELK.services.ELKService.getAllFoodDetails - Fetching ALL food details...
16-01-2023 14:16:20.842 [http-nio-8080-exec-3] INFO  c.demo.ELK.controller.ELKController.foodDetails - Inside Food Detail Function
16-01-2023 14:16:20.843 [http-nio-8080-exec-3] INFO  com.demo.ELK.services.ELKService.getAllFoodDetails - Fetching ALL food details...
16-01-2023 14:17:43.876 [http-nio-8080-exec-5] INFO  c.demo.ELK.controller.ELKController.foodDetails - Inside Food Detail Function
16-01-2023 14:17:43.877 [http-nio-8080-exec-5] INFO  com.demo.ELK.services.ELKService.getAllFoodDetails - Fetching ALL food details...
16-01-2023 14:37:04.943 [http-nio-8080-exec-7] INFO  c.demo.ELK.controller.ELKController.foodDetails - Inside Food Detail Function
16-01-2023 14:37:04.944 [http-nio-8080-exec-7] INFO  com.demo.ELK.services.ELKService.getAllFoodDetails - Fetching ALL food details...
16-01-2023 14:38:15.637 [http-nio-8080-exec-9] INFO  c.demo.ELK.controller.ELKController.foodDetails - Inside Food Detail Function
16-01-2023 14:38:15.637 [http-nio-8080-exec-9] INFO  com.demo.ELK.services.ELKService.getAllFoodDetails - Fetching ALL food details...
16-01-2023 14:38:17.233 [http-nio-8080-exec-10] INFO  c.demo.ELK.controller.ELKController.foodDetails - Inside Food Detail Function
16-01-2023 14:38:17.236 [http-nio-8080-exec-10] INFO  com.demo.ELK.services.ELKService.getAllFoodDetails - Fetching ALL food details...
16-01-2023 14:38:18.360 [http-nio-8080-exec-1] INFO  c.demo.ELK.controller.ELKController.foodDetails - Inside Food Detail Function
16-01-2023 14:38:18.361 [http-nio-8080-exec-1] INFO  com.demo.ELK.services.ELKService.getAllFoodDetails - Fetching ALL food details...
16-01-2023 14:45:17.524 [http-nio-8080-exec-3] INFO  c.demo.ELK.controller.ELKController.foodDetails - Inside Food Detail Function
16-01-2023 14:45:17.525 [http-nio-8080-exec-3] INFO  com.demo.ELK.services.ELKService.getAllFoodDetails - Fetching ALL food details...
16-01-2023 16:15:36.667 [main] INFO  com.demo.ELK.ElkApplication.logStarting - Starting ElkApplication using Java 17.0.5 on k8s1 with PID 94069 (/Users/tassana/Workspace/elk/springboot-elk/target/classes started by tassana in /Users/tassana/Workspace/elk/springboot-elk)
16-01-2023 16:15:36.671 [main] INFO  com.demo.ELK.ElkApplication.logStartupProfileInfo - No active profile set, falling back to default profiles: default
16-01-2023 16:15:38.190 [main] INFO  com.demo.ELK.ElkApplication.logStarted - Started ElkApplication in 2.241 seconds (JVM running for 3.37)
16-01-2023 16:15:54.365 [http-nio-8080-exec-2] INFO  c.demo.ELK.controller.ELKController.helloWorld - Inside Hello World Function
16-01-2023 16:15:54.366 [http-nio-8080-exec-2] INFO  c.demo.ELK.controller.ELKController.helloWorld - Response => Hello World! Mon Jan 16 16:15:54 ICT 2023
